 ======================================================================
                  generate.x - training set generation                 
 ======================================================================

 Copyright (C) 2015-2018 Nongnuch Artrith and Alexander Urban

 This program is distributed in the hope that it will be useful, but
 WITHOUT ANY WARRANTY; without even the implied warranty of
 MERCHANTABILITY or FITNESS FOR A PARTICULAR PURPOSE.  See the
 Mozilla Public License, v. 2.0, for more details.

 ----------------------------------------------------------------------
                   Generation of training set started                  
 ----------------------------------------------------------------------

 Number of atom types  : 1
 types                 :    Ar 
 Number of structures  : 52

 ----------------------------------------------------------------------
                  Structural fingerprint basis set-up                  
 ----------------------------------------------------------------------

 Structural fingerprint (SF) set-up for Ar

 N. Artrith and A. Urban, Comput. Mater. Sci. 114 (2016) 135-150.
 N. Artrith, A. Urban, and G. Ceder, Phys. Rev. B 96 (2017) 014112.

 environment types: Ar 
 minimal distance : 1.00 Angstrom
 maximal cut-off  : 6.00 Angstrom
 size of basis    : 12
 evaluations      : 0

 Basis function type Chebyshev
 [N. Artrith and A. Urban (2016)]

 Radial Rc     : 6.00
 Angular Rc    : 0.00
 Radial order  : 10
 Angular order : 0

 ----------------------------------------------------------------------
                 Adding structures to the training set                 
 ----------------------------------------------------------------------

#     N  nAtoms  nTypes           E/atom  structure file (xsf)
      1       2       1   5.01699730E-02  ../xsf/ar2_3.00.xsf
      1  Ar       1
      2  Ar       1
      2       2       1   3.94748097E-02  ../xsf/ar2_3.05.xsf
      1  Ar       1
      2  Ar       1
      3       2       1   3.05845777E-02  ../xsf/ar2_3.10.xsf
      1  Ar       1
      2  Ar       1
      4       2       1   2.32737626E-02  ../xsf/ar2_3.15.xsf
      1  Ar       1
      2  Ar       1
      5       2       1   1.72654885E-02  ../xsf/ar2_3.20.xsf
      1  Ar       1
      2  Ar       1
      6       2       1   1.23134244E-02  ../xsf/ar2_3.25.xsf
      1  Ar       1
      2  Ar       1
      7       2       1   8.32566376E-03  ../xsf/ar2_3.30.xsf
      1  Ar       1
      2  Ar       1
      8       2       1   5.04784821E-03  ../xsf/ar2_3.35.xsf
      1  Ar       1
      2  Ar       1
      9       2       1   2.41569081E-03  ../xsf/ar2_3.40.xsf
      1  Ar       1
      2  Ar       1
     10       2       1   3.35516392E-04  ../xsf/ar2_3.45.xsf
      1  Ar       1
      2  Ar       1
     11       2       1  -1.35982100E-03  ../xsf/ar2_3.50.xsf
      1  Ar       1
      2  Ar       1
     12       2       1  -2.63481050E-03  ../xsf/ar2_3.55.xsf
      1  Ar       1
      2  Ar       1
     13       2       1  -3.64734618E-03  ../xsf/ar2_3.60.xsf
      1  Ar       1
      2  Ar       1
     14       2       1  -4.41137388E-03  ../xsf/ar2_3.65.xsf
      1  Ar       1
      2  Ar       1
     15       2       1  -4.94199591E-03  ../xsf/ar2_3.70.xsf
      1  Ar       1
      2  Ar       1
     16       2       1  -5.35193545E-03  ../xsf/ar2_3.75.xsf
      1  Ar       1
      2  Ar       1
     17       2       1  -5.56765371E-03  ../xsf/ar2_3.80.xsf
      1  Ar       1
      2  Ar       1
     18       2       1  -5.71996945E-03  ../xsf/ar2_3.85.xsf
      1  Ar       1
      2  Ar       1
     19       2       1  -5.77520856E-03  ../xsf/ar2_3.90.xsf
      1  Ar       1
      2  Ar       1
     20       2       1  -5.71479928E-03  ../xsf/ar2_3.95.xsf
      1  Ar       1
      2  Ar       1
     21       2       1  -5.66248539E-03  ../xsf/ar2_4.00.xsf
      1  Ar       1
      2  Ar       1
     22       2       1  -5.51880927E-03  ../xsf/ar2_4.05.xsf
      1  Ar       1
      2  Ar       1
     23       2       1  -5.35227559E-03  ../xsf/ar2_4.10.xsf
      1  Ar       1
      2  Ar       1
     24       2       1  -5.18655825E-03  ../xsf/ar2_4.15.xsf
      1  Ar       1
      2  Ar       1
     25       2       1  -4.95594175E-03  ../xsf/ar2_4.20.xsf
      1  Ar       1
      2  Ar       1
     26       2       1  -4.76001977E-03  ../xsf/ar2_4.25.xsf
      1  Ar       1
      2  Ar       1
     27       2       1  -4.52566170E-03  ../xsf/ar2_4.30.xsf
      1  Ar       1
      2  Ar       1
     28       2       1  -4.29681395E-03  ../xsf/ar2_4.35.xsf
      1  Ar       1
      2  Ar       1
     29       2       1  -4.09320475E-03  ../xsf/ar2_4.40.xsf
      1  Ar       1
      2  Ar       1
     30       2       1  -3.83564898E-03  ../xsf/ar2_4.45.xsf
      1  Ar       1
      2  Ar       1
     31       2       1  -3.64761830E-03  ../xsf/ar2_4.50.xsf
      1  Ar       1
      2  Ar       1
     32       2       1  -3.42924692E-03  ../xsf/ar2_4.55.xsf
      1  Ar       1
      2  Ar       1
     33       2       1  -3.20339242E-03  ../xsf/ar2_4.60.xsf
      1  Ar       1
      2  Ar       1
     34       2       1  -3.03549816E-03  ../xsf/ar2_4.65.xsf
      1  Ar       1
      2  Ar       1
     35       2       1  -2.81807919E-03  ../xsf/ar2_4.70.xsf
      1  Ar       1
      2  Ar       1
     36       2       1  -2.64725971E-03  ../xsf/ar2_4.75.xsf
      1  Ar       1
      2  Ar       1
     37       2       1  -2.47630418E-03  ../xsf/ar2_4.80.xsf
      1  Ar       1
      2  Ar       1
     38       2       1  -2.30133496E-03  ../xsf/ar2_4.85.xsf
      1  Ar       1
      2  Ar       1
     39       2       1  -2.16677466E-03  ../xsf/ar2_4.90.xsf
      1  Ar       1
      2  Ar       1
     40       2       1  -1.99126122E-03  ../xsf/ar2_4.95.xsf
      1  Ar       0
      2  Ar       0
     41       2       1  -1.86765350E-03  ../xsf/ar2_5.00.xsf
      1  Ar       0
      2  Ar       0
     42       2       1  -1.74799142E-03  ../xsf/ar2_5.05.xsf
      1  Ar       0
      2  Ar       0
     43       2       1  -1.59649203E-03  ../xsf/ar2_5.10.xsf
      1  Ar       0
      2  Ar       0
     44       2       1  -1.52220495E-03  ../xsf/ar2_5.15.xsf
      1  Ar       0
      2  Ar       0
     45       2       1  -1.39954962E-03  ../xsf/ar2_5.20.xsf
      1  Ar       0
      2  Ar       0
     46       2       1  -1.29601030E-03  ../xsf/ar2_5.25.xsf
      1  Ar       0
      2  Ar       0
     47       2       1  -1.22185927E-03  ../xsf/ar2_5.30.xsf
      1  Ar       0
      2  Ar       0
     48       2       1  -1.11614304E-03  ../xsf/ar2_5.35.xsf
      1  Ar       0
      2  Ar       0
     49       2       1  -1.06172026E-03  ../xsf/ar2_5.40.xsf
      1  Ar       0
      2  Ar       0
     50       2       1  -9.71174375E-04  ../xsf/ar2_5.45.xsf
      1  Ar       0
      2  Ar       0
     51       2       1  -9.12125667E-04  ../xsf/ar2_5.50.xsf
      1  Ar       0
      2  Ar       0
     52       2       1  -8.67703079E-04  ../xsf/ar2_5.55.xsf
      1  Ar       0
      2  Ar       0

 ----------------------------------------------------------------------
                           Training set info.                          
 ----------------------------------------------------------------------

 Training set file                   : Ar2.train
 Number of structures in the data set: 52

 Atomic species in training set      : 1
   Species : Ar

 Average energy (eV/atom) : 0.001011
 Minimum energy (eV/atom) : -0.005775
 Maximum energy (eV/atom) : 0.050170

 The input and output values have not yet been normalized.

                                                                       
                          2021-02-14  22:38:02                         
                                                                       
 ======================================================================
                     Training set generation done.                     
 ======================================================================
