      1.3509999944     0.1109999995     0.0000000000       0.0000000000     0.0000000000     0.0000000000
      1.6799999930    -0.3739999984    -0.7589999968       0.0000000000     0.0000000000     0.0000000000
      1.6799999930    -0.3739999984     0.7589999968       0.0000000000     0.0000000000     0.0000000000
COM #1      :   1.57033333 -0.21233333  0.00000000
COM #2      :  -0.56227866  0.26066133  0.00000000
COM DISTANCE :   2.18443536
O-O DISTANCE :   2.11160469
      1.3509999944     0.1109999995     0.0000000000       0.0000000000     0.0000000000     0.0000000000
      1.6799999930    -0.3739999984    -0.7589999968       0.0000000000     0.0000000000     0.0000000000
      1.6799999930    -0.3739999984     0.7589999968       0.0000000000     0.0000000000     0.0000000000
COM #1      :   1.57033333 -0.21233333  0.00000000
COM #2      :  -0.96197466  0.24499733  0.00000000
COM DISTANCE :   2.57327322
O-O DISTANCE :   2.51113251
      1.3509999944     0.1109999995     0.0000000000       0.0000000000     0.0000000000     0.0000000000
      1.6799999930    -0.3739999984    -0.7589999968       0.0000000000     0.0000000000     0.0000000000
      1.6799999930    -0.3739999984     0.7589999968       0.0000000000     0.0000000000     0.0000000000
COM #1      :   1.57033333 -0.21233333  0.00000000
COM #2      :  -1.16181866  0.23716533  0.00000000
COM DISTANCE :   2.76888128
O-O DISTANCE :   2.71094497
      1.3509999944     0.1109999995     0.0000000000       0.0000000000     0.0000000000     0.0000000000
      1.6799999930    -0.3739999984    -0.7589999968       0.0000000000     0.0000000000     0.0000000000
      1.6799999930    -0.3739999984     0.7589999968       0.0000000000     0.0000000000     0.0000000000
COM #1      :   1.57033333 -0.21233333  0.00000000
COM #2      :  -1.26174266  0.23324933  0.00000000
COM DISTANCE :   2.86691442
O-O DISTANCE :   2.81086306
      1.3509999944     0.1109999995     0.0000000000       0.0000000000     0.0000000000     0.0000000000
      1.6799999930    -0.3739999984    -0.7589999968       0.0000000000     0.0000000000     0.0000000000
      1.6799999930    -0.3739999984     0.7589999968       0.0000000000     0.0000000000     0.0000000000
COM #1      :   1.57033333 -0.21233333  0.00000000
COM #2      :  -1.36166666  0.22933333  0.00000000
COM DISTANCE :   2.96507898
O-O DISTANCE :   2.91078682
      1.3509999944     0.1109999995     0.0000000000       0.0000000000     0.0000000000     0.0000000000
      1.6799999930    -0.3739999984    -0.7589999968       0.0000000000     0.0000000000     0.0000000000
      1.6799999930    -0.3739999984     0.7589999968       0.0000000000     0.0000000000     0.0000000000
COM #1      :   1.57033333 -0.21233333  0.00000000
COM #2      :  -1.46159066  0.22541733  0.00000000
COM DISTANCE :   3.06336232
O-O DISTANCE :   3.01071569
      1.3509999944     0.1109999995     0.0000000000       0.0000000000     0.0000000000     0.0000000000
      1.6799999930    -0.3739999984    -0.7589999968       0.0000000000     0.0000000000     0.0000000000
      1.6799999930    -0.3739999984     0.7589999968       0.0000000000     0.0000000000     0.0000000000
COM #1      :   1.57033333 -0.21233333  0.00000000
COM #2      :  -1.56151466  0.22150133  0.00000000
COM DISTANCE :   3.16175336
O-O DISTANCE :   3.11064918
      1.3509999944     0.1109999995     0.0000000000       0.0000000000     0.0000000000     0.0000000000
      1.6799999930    -0.3739999984    -0.7589999968       0.0000000000     0.0000000000     0.0000000000
      1.6799999930    -0.3739999984     0.7589999968       0.0000000000     0.0000000000     0.0000000000
COM #1      :   1.57033333 -0.21233333  0.00000000
COM #2      :  -1.76135866  0.21366933  0.00000000
COM DISTANCE :   3.35881672
O-O DISTANCE :   3.31052435
      1.3509999944     0.1109999995     0.0000000000       0.0000000000     0.0000000000     0.0000000000
      1.6799999930    -0.3739999984    -0.7589999968       0.0000000000     0.0000000000     0.0000000000
      1.6799999930    -0.3739999984     0.7589999968       0.0000000000     0.0000000000     0.0000000000
COM #1      :   1.57033333 -0.21233333  0.00000000
COM #2      :  -2.06113066  0.20192133  0.00000000
COM DISTANCE :   3.65501540
O-O DISTANCE :   3.61036847
      1.3509999944     0.1109999995     0.0000000000       0.0000000000     0.0000000000     0.0000000000
      1.6799999930    -0.3739999984    -0.7589999968       0.0000000000     0.0000000000     0.0000000000
      1.6799999930    -0.3739999984     0.7589999968       0.0000000000     0.0000000000     0.0000000000
COM #1      :   1.57033333 -0.21233333  0.00000000
COM #2      :  -2.36089866  0.19016933  0.00000000
COM DISTANCE :   3.95178356
O-O DISTANCE :   3.91023311
      1.3509999944     0.1109999995     0.0000000000       0.0000000000     0.0000000000     0.0000000000
      1.6799999930    -0.3739999984    -0.7589999968       0.0000000000     0.0000000000     0.0000000000
      1.6799999930    -0.3739999984     0.7589999968       0.0000000000     0.0000000000     0.0000000000
COM #1      :   1.57033333 -0.21233333  0.00000000
COM #2      :  -2.86051465  0.17058933  0.00000000
COM DISTANCE :   4.44736367
O-O DISTANCE :   4.41005012
      1.3509999944     0.1109999995     0.0000000000       0.0000000000     0.0000000000     0.0000000000
      1.6799999930    -0.3739999984    -0.7589999968       0.0000000000     0.0000000000     0.0000000000
      1.6799999930    -0.3739999984     0.7589999968       0.0000000000     0.0000000000     0.0000000000
COM #1      :   1.57033333 -0.21233333  0.00000000
COM #2      :  -3.36013065  0.15100933  0.00000000
COM DISTANCE :   4.94383383
O-O DISTANCE :   4.90990431
      1.3509999944     0.1109999995     0.0000000000       0.0000000000     0.0000000000     0.0000000000
      1.6799999930    -0.3739999984    -0.7589999968       0.0000000000     0.0000000000     0.0000000000
      1.6799999930    -0.3739999984     0.7589999968       0.0000000000     0.0000000000     0.0000000000
COM #1      :   1.57033333 -0.21233333  0.00000000
COM #2      :  -4.35936665  0.11184533  0.00000000
COM DISTANCE :   5.93855484
O-O DISTANCE :   5.90969067
      1.3509999944     0.1109999995     0.0000000000       0.0000000000     0.0000000000     0.0000000000
      1.6799999930    -0.3739999984    -0.7589999968       0.0000000000     0.0000000000     0.0000000000
      1.6799999930    -0.3739999984     0.7589999968       0.0000000000     0.0000000000     0.0000000000
COM #1      :   1.57033333 -0.21233333  0.00000000
COM #2      :  -6.35783064  0.03352133  0.00000000
COM DISTANCE :   7.93197506
O-O DISTANCE :   7.90941966
      1.3509999944     0.1109999995     0.0000000000       0.0000000000     0.0000000000     0.0000000000
      1.6799999930    -0.3739999984    -0.7589999968       0.0000000000     0.0000000000     0.0000000000
      1.6799999930    -0.3739999984     0.7589999968       0.0000000000     0.0000000000     0.0000000000
COM #1      :   1.57033333 -0.21233333  0.00000000
COM #2      : -11.35399462 -0.16229067  0.00000000
COM DISTANCE :  12.92442483
O-O DISTANCE :  12.90911122
