      1.350999994400      0.110999999500      0.000000000000
      1.679999993000     -0.373999998400     -0.758999996800
      1.679999993000     -0.373999998400      0.758999996800
COM #1      :   1.57033333 -0.21233333  0.00000000
COM #2      :  -0.56227866  0.26066133  0.00000000
COM DISTANCE :   2.18443536
O-O DISTANCE :   2.11160469
      1.350999994400      0.110999999500      0.000000000000
      1.679999993000     -0.373999998400     -0.758999996800
      1.679999993000     -0.373999998400      0.758999996800
COM #1      :   1.57033333 -0.21233333  0.00000000
COM #2      :  -0.66220266  0.25674533  0.00000000
COM DISTANCE :   2.28128292
O-O DISTANCE :   2.21147055
      1.350999994400      0.110999999500      0.000000000000
      1.679999993000     -0.373999998400     -0.758999996800
      1.679999993000     -0.373999998400      0.758999996800
COM #1      :   1.57033333 -0.21233333  0.00000000
COM #2      :  -0.76212666  0.25282933  0.00000000
COM DISTANCE :   2.37839145
O-O DISTANCE :   2.31134806
      1.350999994400      0.110999999500      0.000000000000
      1.679999993000     -0.373999998400     -0.758999996800
      1.679999993000     -0.373999998400      0.758999996800
COM #1      :   1.57033333 -0.21233333  0.00000000
COM #2      :  -0.86205066  0.24891333  0.00000000
COM DISTANCE :   2.47573027
O-O DISTANCE :   2.41123579
      1.350999994400      0.110999999500      0.000000000000
      1.679999993000     -0.373999998400     -0.758999996800
      1.679999993000     -0.373999998400      0.758999996800
COM #1      :   1.57033333 -0.21233333  0.00000000
COM #2      :  -0.96197466  0.24499733  0.00000000
COM DISTANCE :   2.57327322
O-O DISTANCE :   2.51113251
      1.350999994400      0.110999999500      0.000000000000
      1.679999993000     -0.373999998400     -0.758999996800
      1.679999993000     -0.373999998400      0.758999996800
COM #1      :   1.57033333 -0.21233333  0.00000000
COM #2      :  -1.01193566  0.24303933  0.00000000
COM DISTANCE :   2.62211315
O-O DISTANCE :   2.56108292
      1.350999994400      0.110999999500      0.000000000000
      1.679999993000     -0.373999998400     -0.758999996800
      1.679999993000     -0.373999998400      0.758999996800
COM #1      :   1.57033333 -0.21233333  0.00000000
COM #2      :  -1.06189666  0.24108133  0.00000000
COM DISTANCE :   2.67099599
O-O DISTANCE :   2.61103520
      1.350999994400      0.110999999500      0.000000000000
      1.679999993000     -0.373999998400     -0.758999996800
      1.679999993000     -0.373999998400      0.758999996800
COM #1      :   1.57033333 -0.21233333  0.00000000
COM #2      :  -1.11185766  0.23912333  0.00000000
COM DISTANCE :   2.71991941
O-O DISTANCE :   2.66098925
      1.350999994400      0.110999999500      0.000000000000
      1.679999993000     -0.373999998400     -0.758999996800
      1.679999993000     -0.373999998400      0.758999996800
COM #1      :   1.57033333 -0.21233333  0.00000000
COM #2      :  -1.16181866  0.23716533  0.00000000
COM DISTANCE :   2.76888128
O-O DISTANCE :   2.71094497
      1.350999994400      0.110999999500      0.000000000000
      1.679999993000     -0.373999998400     -0.758999996800
      1.679999993000     -0.373999998400      0.758999996800
COM #1      :   1.57033333 -0.21233333  0.00000000
COM #2      :  -1.18679966  0.23618633  0.00000000
COM DISTANCE :   2.79337649
O-O DISTANCE :   2.73592393
      1.350999994400      0.110999999500      0.000000000000
      1.679999993000     -0.373999998400     -0.758999996800
      1.679999993000     -0.373999998400      0.758999996800
COM #1      :   1.57033333 -0.21233333  0.00000000
COM #2      :  -1.21178066  0.23520733  0.00000000
COM DISTANCE :   2.81788057
O-O DISTANCE :   2.76090327
      1.350999994400      0.110999999500      0.000000000000
      1.679999993000     -0.373999998400     -0.758999996800
      1.679999993000     -0.373999998400      0.758999996800
COM #1      :   1.57033333 -0.21233333  0.00000000
COM #2      :  -1.23676166  0.23422833  0.00000000
COM DISTANCE :   2.84239329
O-O DISTANCE :   2.78588298
      1.350999994400      0.110999999500      0.000000000000
      1.679999993000     -0.373999998400     -0.758999996800
      1.679999993000     -0.373999998400      0.758999996800
COM #1      :   1.57033333 -0.21233333  0.00000000
COM #2      :  -1.26174266  0.23324933  0.00000000
COM DISTANCE :   2.86691442
O-O DISTANCE :   2.81086306
      1.350999994400      0.110999999500      0.000000000000
      1.679999993000     -0.373999998400     -0.758999996800
      1.679999993000     -0.373999998400      0.758999996800
COM #1      :   1.57033333 -0.21233333  0.00000000
COM #2      :  -1.28672366  0.23227033  0.00000000
COM DISTANCE :   2.89144377
O-O DISTANCE :   2.83584349
      1.350999994400      0.110999999500      0.000000000000
      1.679999993000     -0.373999998400     -0.758999996800
      1.679999993000     -0.373999998400      0.758999996800
COM #1      :   1.57033333 -0.21233333  0.00000000
COM #2      :  -1.31170466  0.23129133  0.00000000
COM DISTANCE :   2.91598111
O-O DISTANCE :   2.86082427
      1.350999994400      0.110999999500      0.000000000000
      1.679999993000     -0.373999998400     -0.758999996800
      1.679999993000     -0.373999998400      0.758999996800
COM #1      :   1.57033333 -0.21233333  0.00000000
COM #2      :  -1.33668566  0.23031233  0.00000000
COM DISTANCE :   2.94052624
O-O DISTANCE :   2.88580538
      1.350999994400      0.110999999500      0.000000000000
      1.679999993000     -0.373999998400     -0.758999996800
      1.679999993000     -0.373999998400      0.758999996800
COM #1      :   1.57033333 -0.21233333  0.00000000
COM #2      :  -1.36166666  0.22933333  0.00000000
COM DISTANCE :   2.96507898
O-O DISTANCE :   2.91078682
      1.350999994400      0.110999999500      0.000000000000
      1.679999993000     -0.373999998400     -0.758999996800
      1.679999993000     -0.373999998400      0.758999996800
COM #1      :   1.57033333 -0.21233333  0.00000000
COM #2      :  -1.38664766  0.22835433  0.00000000
COM DISTANCE :   2.98963914
O-O DISTANCE :   2.93576858
      1.350999994400      0.110999999500      0.000000000000
      1.679999993000     -0.373999998400     -0.758999996800
      1.679999993000     -0.373999998400      0.758999996800
COM #1      :   1.57033333 -0.21233333  0.00000000
COM #2      :  -1.41162866  0.22737533  0.00000000
COM DISTANCE :   3.01420653
O-O DISTANCE :   2.96075065
      1.350999994400      0.110999999500      0.000000000000
      1.679999993000     -0.373999998400     -0.758999996800
      1.679999993000     -0.373999998400      0.758999996800
COM #1      :   1.57033333 -0.21233333  0.00000000
COM #2      :  -1.43660966  0.22639633  0.00000000
COM DISTANCE :   3.03878098
O-O DISTANCE :   2.98573303
      1.350999994400      0.110999999500      0.000000000000
      1.679999993000     -0.373999998400     -0.758999996800
      1.679999993000     -0.373999998400      0.758999996800
COM #1      :   1.57033333 -0.21233333  0.00000000
COM #2      :  -1.46159066  0.22541733  0.00000000
COM DISTANCE :   3.06336232
O-O DISTANCE :   3.01071569
      1.350999994400      0.110999999500      0.000000000000
      1.679999993000     -0.373999998400     -0.758999996800
      1.679999993000     -0.373999998400      0.758999996800
COM #1      :   1.57033333 -0.21233333  0.00000000
COM #2      :  -1.48657166  0.22443833  0.00000000
COM DISTANCE :   3.08795039
O-O DISTANCE :   3.03569865
      1.350999994400      0.110999999500      0.000000000000
      1.679999993000     -0.373999998400     -0.758999996800
      1.679999993000     -0.373999998400      0.758999996800
COM #1      :   1.57033333 -0.21233333  0.00000000
COM #2      :  -1.51155266  0.22345933  0.00000000
COM DISTANCE :   3.11254502
O-O DISTANCE :   3.06068189
      1.350999994400      0.110999999500      0.000000000000
      1.679999993000     -0.373999998400     -0.758999996800
      1.679999993000     -0.373999998400      0.758999996800
COM #1      :   1.57033333 -0.21233333  0.00000000
COM #2      :  -1.53653366  0.22248033  0.00000000
COM DISTANCE :   3.13714606
O-O DISTANCE :   3.08566540
      1.350999994400      0.110999999500      0.000000000000
      1.679999993000     -0.373999998400     -0.758999996800
      1.679999993000     -0.373999998400      0.758999996800
COM #1      :   1.57033333 -0.21233333  0.00000000
COM #2      :  -1.56151466  0.22150133  0.00000000
COM DISTANCE :   3.16175336
O-O DISTANCE :   3.11064918
      1.350999994400      0.110999999500      0.000000000000
      1.679999993000     -0.373999998400     -0.758999996800
      1.679999993000     -0.373999998400      0.758999996800
COM #1      :   1.57033333 -0.21233333  0.00000000
COM #2      :  -1.61147566  0.21954333  0.00000000
COM DISTANCE :   3.21098519
O-O DISTANCE :   3.16061652
      1.350999994400      0.110999999500      0.000000000000
      1.679999993000     -0.373999998400     -0.758999996800
      1.679999993000     -0.373999998400      0.758999996800
COM #1      :   1.57033333 -0.21233333  0.00000000
COM #2      :  -1.66143666  0.21758533  0.00000000
COM DISTANCE :   3.26024038
O-O DISTANCE :   3.21058486
      1.350999994400      0.110999999500      0.000000000000
      1.679999993000     -0.373999998400     -0.758999996800
      1.679999993000     -0.373999998400      0.758999996800
COM #1      :   1.57033333 -0.21233333  0.00000000
COM #2      :  -1.71139766  0.21562733  0.00000000
COM DISTANCE :   3.30951788
O-O DISTANCE :   3.26055415
      1.350999994400      0.110999999500      0.000000000000
      1.679999993000     -0.373999998400     -0.758999996800
      1.679999993000     -0.373999998400      0.758999996800
COM #1      :   1.57033333 -0.21233333  0.00000000
COM #2      :  -1.76135866  0.21366933  0.00000000
COM DISTANCE :   3.35881672
O-O DISTANCE :   3.31052435
      1.350999994400      0.110999999500      0.000000000000
      1.679999993000     -0.373999998400     -0.758999996800
      1.679999993000     -0.373999998400      0.758999996800
COM #1      :   1.57033333 -0.21233333  0.00000000
COM #2      :  -1.83630166  0.21073233  0.00000000
COM DISTANCE :   3.43280446
O-O DISTANCE :   3.38548275
      1.350999994400      0.110999999500      0.000000000000
      1.679999993000     -0.373999998400     -0.758999996800
      1.679999993000     -0.373999998400      0.758999996800
COM #1      :   1.57033333 -0.21233333  0.00000000
COM #2      :  -1.91124466  0.20779533  0.00000000
COM DISTANCE :   3.50683523
O-O DISTANCE :   3.46044298
      1.350999994400      0.110999999500      0.000000000000
      1.679999993000     -0.373999998400     -0.758999996800
      1.679999993000     -0.373999998400      0.758999996800
COM #1      :   1.57033333 -0.21233333  0.00000000
COM #2      :  -1.98618766  0.20485833  0.00000000
COM DISTANCE :   3.58090637
O-O DISTANCE :   3.53540493
      1.350999994400      0.110999999500      0.000000000000
      1.679999993000     -0.373999998400     -0.758999996800
      1.679999993000     -0.373999998400      0.758999996800
COM #1      :   1.57033333 -0.21233333  0.00000000
COM #2      :  -2.06113066  0.20192133  0.00000000
COM DISTANCE :   3.65501540
O-O DISTANCE :   3.61036847
      1.350999994400      0.110999999500      0.000000000000
      1.679999993000     -0.373999998400     -0.758999996800
      1.679999993000     -0.373999998400      0.758999996800
COM #1      :   1.57033333 -0.21233333  0.00000000
COM #2      :  -2.13607266  0.19898333  0.00000000
COM DISTANCE :   3.72915898
O-O DISTANCE :   3.68533259
      1.350999994400      0.110999999500      0.000000000000
      1.679999993000     -0.373999998400     -0.758999996800
      1.679999993000     -0.373999998400      0.758999996800
COM #1      :   1.57033333 -0.21233333  0.00000000
COM #2      :  -2.21101466  0.19604533  0.00000000
COM DISTANCE :   3.80333613
O-O DISTANCE :   3.76029812
      1.350999994400      0.110999999500      0.000000000000
      1.679999993000     -0.373999998400     -0.758999996800
      1.679999993000     -0.373999998400      0.758999996800
COM #1      :   1.57033333 -0.21233333  0.00000000
COM #2      :  -2.28595666  0.19310733  0.00000000
COM DISTANCE :   3.87754492
O-O DISTANCE :   3.83526499
      1.350999994400      0.110999999500      0.000000000000
      1.679999993000     -0.373999998400     -0.758999996800
      1.679999993000     -0.373999998400      0.758999996800
COM #1      :   1.57033333 -0.21233333  0.00000000
COM #2      :  -2.36089866  0.19016933  0.00000000
COM DISTANCE :   3.95178356
O-O DISTANCE :   3.91023311
      1.350999994400      0.110999999500      0.000000000000
      1.679999993000     -0.373999998400     -0.758999996800
      1.679999993000     -0.373999998400      0.758999996800
COM #1      :   1.57033333 -0.21233333  0.00000000
COM #2      :  -2.48580266  0.18527433  0.00000000
COM DISTANCE :   4.07557738
O-O DISTANCE :   4.03518312
      1.350999994400      0.110999999500      0.000000000000
      1.679999993000     -0.373999998400     -0.758999996800
      1.679999993000     -0.373999998400      0.758999996800
COM #1      :   1.57033333 -0.21233333  0.00000000
COM #2      :  -2.61070666  0.18037933  0.00000000
COM DISTANCE :   4.19944265
O-O DISTANCE :   4.16013613
      1.350999994400      0.110999999500      0.000000000000
      1.679999993000     -0.373999998400     -0.758999996800
      1.679999993000     -0.373999998400      0.758999996800
COM #1      :   1.57033333 -0.21233333  0.00000000
COM #2      :  -2.73561066  0.17548433  0.00000000
COM DISTANCE :   4.32337323
O-O DISTANCE :   4.28509188
      1.350999994400      0.110999999500      0.000000000000
      1.679999993000     -0.373999998400     -0.758999996800
      1.679999993000     -0.373999998400      0.758999996800
COM #1      :   1.57033333 -0.21233333  0.00000000
COM #2      :  -2.86051465  0.17058933  0.00000000
COM DISTANCE :   4.44736367
O-O DISTANCE :   4.41005012
      1.350999994400      0.110999999500      0.000000000000
      1.679999993000     -0.373999998400     -0.758999996800
      1.679999993000     -0.373999998400      0.758999996800
COM #1      :   1.57033333 -0.21233333  0.00000000
COM #2      :  -2.98541865  0.16569433  0.00000000
COM DISTANCE :   4.57140909
O-O DISTANCE :   4.53501067
      1.350999994400      0.110999999500      0.000000000000
      1.679999993000     -0.373999998400     -0.758999996800
      1.679999993000     -0.373999998400      0.758999996800
COM #1      :   1.57033333 -0.21233333  0.00000000
COM #2      :  -3.11032265  0.16079933  0.00000000
COM DISTANCE :   4.69550513
O-O DISTANCE :   4.65997332
      1.350999994400      0.110999999500      0.000000000000
      1.679999993000     -0.373999998400     -0.758999996800
      1.679999993000     -0.373999998400      0.758999996800
COM #1      :   1.57033333 -0.21233333  0.00000000
COM #2      :  -3.23522665  0.15590433  0.00000000
COM DISTANCE :   4.81964788
O-O DISTANCE :   4.78493791
      1.350999994400      0.110999999500      0.000000000000
      1.679999993000     -0.373999998400     -0.758999996800
      1.679999993000     -0.373999998400      0.758999996800
COM #1      :   1.57033333 -0.21233333  0.00000000
COM #2      :  -3.36013065  0.15100933  0.00000000
COM DISTANCE :   4.94383383
O-O DISTANCE :   4.90990431
      1.350999994400      0.110999999500      0.000000000000
      1.679999993000     -0.373999998400     -0.758999996800
      1.679999993000     -0.373999998400      0.758999996800
COM #1      :   1.57033333 -0.21233333  0.00000000
COM #2      :  -3.60993965  0.14121833  0.00000000
COM DISTANCE :   5.19232384
O-O DISTANCE :   5.15984302
      1.350999994400      0.110999999500      0.000000000000
      1.679999993000     -0.373999998400     -0.758999996800
      1.679999993000     -0.373999998400      0.758999996800
COM #1      :   1.57033333 -0.21233333  0.00000000
COM #2      :  -3.85974865  0.13142733  0.00000000
COM DISTANCE :   5.44095228
O-O DISTANCE :   5.40978747
      1.350999994400      0.110999999500      0.000000000000
      1.679999993000     -0.373999998400     -0.758999996800
      1.679999993000     -0.373999998400      0.758999996800
COM #1      :   1.57033333 -0.21233333  0.00000000
COM #2      :  -4.10955765  0.12163633  0.00000000
COM DISTANCE :   5.68970098
O-O DISTANCE :   5.65973690
      1.350999994400      0.110999999500      0.000000000000
      1.679999993000     -0.373999998400     -0.758999996800
      1.679999993000     -0.373999998400      0.758999996800
COM #1      :   1.57033333 -0.21233333  0.00000000
COM #2      :  -4.35936665  0.11184533  0.00000000
COM DISTANCE :   5.93855484
O-O DISTANCE :   5.90969067
      1.350999994400      0.110999999500      0.000000000000
      1.679999993000     -0.373999998400     -0.758999996800
      1.679999993000     -0.373999998400      0.758999996800
COM #1      :   1.57033333 -0.21233333  0.00000000
COM #2      :  -4.85898265  0.09226433  0.00000000
COM DISTANCE :   6.43652730
O-O DISTANCE :   6.40960717
      1.350999994400      0.110999999500      0.000000000000
      1.679999993000     -0.373999998400     -0.758999996800
      1.679999993000     -0.373999998400      0.758999996800
COM #1      :   1.57033333 -0.21233333  0.00000000
COM #2      :  -5.35859864  0.07268333  0.00000000
COM DISTANCE :   6.93479147
O-O DISTANCE :   6.90953568
      1.350999994400      0.110999999500      0.000000000000
      1.679999993000     -0.373999998400     -0.758999996800
      1.679999993000     -0.373999998400      0.758999996800
COM #1      :   1.57033333 -0.21233333  0.00000000
COM #2      :  -5.85821464  0.05310233  0.00000000
COM DISTANCE :   7.43328871
O-O DISTANCE :   7.40947379
      1.350999994400      0.110999999500      0.000000000000
      1.679999993000     -0.373999998400     -0.758999996800
      1.679999993000     -0.373999998400      0.758999996800
COM #1      :   1.57033333 -0.21233333  0.00000000
COM #2      :  -6.35783064  0.03352133  0.00000000
COM DISTANCE :   7.93197506
O-O DISTANCE :   7.90941966
      1.350999994400      0.110999999500      0.000000000000
      1.679999993000     -0.373999998400     -0.758999996800
      1.679999993000     -0.373999998400      0.758999996800
COM #1      :   1.57033333 -0.21233333  0.00000000
COM #2      :  -7.60687163 -0.01543167  0.00000000
COM DISTANCE :   9.17931703
O-O DISTANCE :   9.15931102
      1.350999994400      0.110999999500      0.000000000000
      1.679999993000     -0.373999998400     -0.758999996800
      1.679999993000     -0.373999998400      0.758999996800
COM #1      :   1.57033333 -0.21233333  0.00000000
COM #2      :  -8.85591263 -0.06438467  0.00000000
COM DISTANCE :  10.42729560
O-O DISTANCE :  10.40922844
      1.350999994400      0.110999999500      0.000000000000
      1.679999993000     -0.373999998400     -0.758999996800
      1.679999993000     -0.373999998400      0.758999996800
COM #1      :   1.57033333 -0.21233333  0.00000000
COM #2      : -10.10495362 -0.11333767  0.00000000
COM DISTANCE :  11.67570664
O-O DISTANCE :  11.65916356
      1.350999994400      0.110999999500      0.000000000000
      1.679999993000     -0.373999998400     -0.758999996800
      1.679999993000     -0.373999998400      0.758999996800
COM #1      :   1.57033333 -0.21233333  0.00000000
COM #2      : -11.35399462 -0.16229067  0.00000000
COM DISTANCE :  12.92442483
O-O DISTANCE :  12.90911122
