 ======================================================================
                  generate.x - training set generation                 
 ======================================================================
 
 Copyright (C) 2015-2018 Nongnuch Artrith and Alexander Urban
 
 This program is distributed in the hope that it will be useful, but
 WITHOUT ANY WARRANTY; without even the implied warranty of
 MERCHANTABILITY or FITNESS FOR A PARTICULAR PURPOSE.  See the
 Mozilla Public License, v. 2.0, for more details.
 
 ----------------------------------------------------------------------
                   Generation of training set started                  
 ----------------------------------------------------------------------
 
 Number of atom types  : 2
 types                 :    H     O  
 Number of structures  : 14
 
 ----------------------------------------------------------------------
                  Structural fingerprint basis set-up                  
 ----------------------------------------------------------------------
 
 Structural fingerprint (SF) set-up for H
 
   Structural fingerprint setup for H in water
   Reference: T. Morawietz, A. Singraber, C. Dellago, and J. Behler
   Proc. Natl. Acad. Sci. USA 113, 8368-8373 (2016).
 
 environment types: H  O  
 minimal distance : 0.60 Angstrom
 maximal cut-off  : 3.36 Angstrom
 size of basis    : 27
 evaluations      : 0
 
 Basis function type Behler2011
 
 [see also: J. Behler, J. Chem. Phys. 134 (2011) 074106]
 
 
      G  parameters
 
   1  2  type2=H   Rc =   3.360  Rs =   0.000  eta =   0.004
   2  2  type2=O   Rc =   3.360  Rs =   0.000  eta =   0.004
   3  2  type2=H   Rc =   3.360  Rs =   0.000  eta =   0.036
   4  2  type2=O   Rc =   3.360  Rs =   0.000  eta =   0.036
   5  2  type2=H   Rc =   3.360  Rs =   0.000  eta =   0.107
   6  2  type2=O   Rc =   3.360  Rs =   0.000  eta =   0.107
   7  2  type2=H   Rc =   3.360  Rs =   0.000  eta =   0.214
   8  2  type2=O   Rc =   3.360  Rs =   0.000  eta =   0.214
   9  2  type2=O   Rc =   3.360  Rs =   0.476  eta =   0.536
  10  2  type2=H   Rc =   3.360  Rs =   1.005  eta =   0.536
  11  2  type2=O   Rc =   3.360  Rs =   0.476  eta =   1.071
  12  2  type2=H   Rc =   3.360  Rs =   1.005  eta =   1.071
  13  2  type2=O   Rc =   3.360  Rs =   0.476  eta =   2.143
  14  2  type2=H   Rc =   3.360  Rs =   1.005  eta =   2.143
  15  2  type2=O   Rc =   3.360  Rs =   0.476  eta =   5.357
  16  2  type2=H   Rc =   3.360  Rs =   1.005  eta =   5.357
  17  4  type2=O   type3=O   Rc =   3.360  lambda =  -1.000  zeta =   4.000  eta =   0.004
  18  4  type2=O   type3=O   Rc =   3.360  lambda =   1.000  zeta =   4.000  eta =   0.004
  19  4  type2=H   type3=O   Rc =   3.360  lambda =  -1.000  zeta =   4.000  eta =   0.036
  20  4  type2=H   type3=O   Rc =   3.360  lambda =   1.000  zeta =   4.000  eta =   0.036
  21  4  type2=H   type3=O   Rc =   3.360  lambda =  -1.000  zeta =   1.000  eta =   0.107
  22  4  type2=O   type3=O   Rc =   3.360  lambda =  -1.000  zeta =   1.000  eta =   0.107
  23  4  type2=H   type3=O   Rc =   3.360  lambda =   1.000  zeta =   1.000  eta =   0.107
  24  4  type2=O   type3=O   Rc =   3.360  lambda =   1.000  zeta =   1.000  eta =   0.107
  25  4  type2=H   type3=O   Rc =   3.360  lambda =  -1.000  zeta =   1.000  eta =   0.250
  26  4  type2=H   type3=O   Rc =   3.360  lambda =   1.000  zeta =   1.000  eta =   0.250
  27  4  type2=H   type3=O   Rc =   3.360  lambda =   1.000  zeta =   1.000  eta =   0.714
 
 Structural fingerprint (SF) set-up for O
 
   Structural fingerprint setup for H in water
   Reference: T. Morawietz, A. Singraber, C. Dellago, and J. Behler
   Proc. Natl. Acad. Sci. USA 113, 8368-8373 (2016).
 
 environment types: H  O  
 minimal distance : 0.60 Angstrom
 maximal cut-off  : 3.36 Angstrom
 size of basis    : 30
 evaluations      : 0
 
 Basis function type Behler2011
 
 [see also: J. Behler, J. Chem. Phys. 134 (2011) 074106]
 
 
      G  parameters
 
   1  2  type2=H   Rc =   3.360  Rs =   0.000  eta =   0.004
   2  2  type2=O   Rc =   3.360  Rs =   0.000  eta =   0.004
   3  2  type2=H   Rc =   3.360  Rs =   0.000  eta =   0.036
   4  2  type2=O   Rc =   3.360  Rs =   0.000  eta =   0.036
   5  2  type2=H   Rc =   3.360  Rs =   0.000  eta =   0.107
   6  2  type2=O   Rc =   3.360  Rs =   0.000  eta =   0.107
   7  2  type2=H   Rc =   3.360  Rs =   0.000  eta =   0.214
   8  2  type2=O   Rc =   3.360  Rs =   0.000  eta =   0.214
   9  2  type2=H   Rc =   3.360  Rs =   0.476  eta =   0.536
  10  2  type2=O   Rc =   3.360  Rs =   2.117  eta =   0.536
  11  2  type2=H   Rc =   3.360  Rs =   0.476  eta =   1.071
  12  2  type2=O   Rc =   3.360  Rs =   2.117  eta =   1.071
  13  2  type2=H   Rc =   3.360  Rs =   0.476  eta =   2.143
  14  2  type2=O   Rc =   3.360  Rs =   2.117  eta =   2.143
  15  2  type2=H   Rc =   3.360  Rs =   0.476  eta =   5.357
  16  2  type2=O   Rc =   3.360  Rs =   2.117  eta =   5.357
  17  4  type2=H   type3=O   Rc =   3.360  lambda =  -1.000  zeta =   4.000  eta =   0.004
  18  4  type2=O   type3=O   Rc =   3.360  lambda =  -1.000  zeta =   4.000  eta =   0.004
  19  4  type2=H   type3=O   Rc =   3.360  lambda =   1.000  zeta =   4.000  eta =   0.004
  20  4  type2=O   type3=O   Rc =   3.360  lambda =   1.000  zeta =   4.000  eta =   0.004
  21  4  type2=H   type3=H   Rc =   3.360  lambda =  -1.000  zeta =   4.000  eta =   0.036
  22  4  type2=H   type3=H   Rc =   3.360  lambda =   1.000  zeta =   4.000  eta =   0.036
  23  4  type2=H   type3=H   Rc =   3.360  lambda =  -1.000  zeta =   1.000  eta =   0.107
  24  4  type2=H   type3=O   Rc =   3.360  lambda =  -1.000  zeta =   1.000  eta =   0.107
  25  4  type2=O   type3=O   Rc =   3.360  lambda =  -1.000  zeta =   1.000  eta =   0.107
  26  4  type2=H   type3=H   Rc =   3.360  lambda =   1.000  zeta =   1.000  eta =   0.107
  27  4  type2=H   type3=O   Rc =   3.360  lambda =   1.000  zeta =   1.000  eta =   0.107
  28  4  type2=O   type3=O   Rc =   3.360  lambda =   1.000  zeta =   1.000  eta =   0.107
  29  4  type2=H   type3=H   Rc =   3.360  lambda =  -1.000  zeta =   1.000  eta =   0.250
  30  4  type2=H   type3=H   Rc =   3.360  lambda =   1.000  zeta =   1.000  eta =   0.250
 
 ----------------------------------------------------------------------
                 Adding structures to the training set                 
 ----------------------------------------------------------------------
 
#     N  nAtoms  nTypes           E/atom  structure file (xsf)
      1       6       2  -3.44608603E+00  ../xsf/train4_newdimer_02.xsf
      1   O       5
      2   H       4
      3   H       4
      4   O       5
      5   H       3
      6   H       5
      2       6       2  -3.46843223E+00  ../xsf/train4_newdimer_03.xsf
      1   O       5
      2   H       4
      3   H       4
      4   O       5
      5   H       3
      6   H       5
      3       6       2  -3.47209524E+00  ../xsf/train4_newdimer_04.xsf
      1   O       5
      2   H       4
      3   H       4
      4   O       5
      5   H       3
      6   H       5
      4       6       2  -3.47306587E+00  ../xsf/train4_newdimer_05.xsf
      1   O       5
      2   H       4
      3   H       4
      4   O       5
      5   H       3
      6   H       5
      5       6       2  -3.47237783E+00  ../xsf/train4_newdimer_06.xsf
      1   O       4
      2   H       3
      3   H       3
      4   O       3
      5   H       2
      6   H       5
      6       6       2  -3.47072399E+00  ../xsf/train4_newdimer_07.xsf
      1   O       4
      2   H       3
      3   H       3
      4   O       3
      5   H       2
      6   H       5
      7       6       2  -3.46619511E+00  ../xsf/train4_newdimer_08.xsf
      1   O       4
      2   H       3
      3   H       3
      4   O       3
      5   H       2
      6   H       5
      8       6       2  -3.45922868E+00  ../xsf/train4_newdimer_09.xsf
      1   O       3
      2   H       3
      3   H       3
      4   O       2
      5   H       2
      6   H       5
      9       6       2  -3.45359916E+00  ../xsf/train4_newdimer_10.xsf
      1   O       3
      2   H       2
      3   H       2
      4   O       2
      5   H       2
      6   H       3
     10       6       2  -3.44733039E+00  ../xsf/train4_newdimer_11.xsf
      1   O       2
      2   H       2
      3   H       2
      4   O       2
      5   H       2
      6   H       2
     11       6       2  -3.44371451E+00  ../xsf/train4_newdimer_12.xsf
      1   O       2
      2   H       2
      3   H       2
      4   O       2
      5   H       2
      6   H       2
     12       6       2  -3.44031064E+00  ../xsf/train4_newdimer_13.xsf
      1   O       2
      2   H       2
      3   H       2
      4   O       2
      5   H       2
      6   H       2
     13       6       2  -3.43823729E+00  ../xsf/train4_newdimer_14.xsf
      1   O       2
      2   H       2
      3   H       2
      4   O       2
      5   H       2
      6   H       2
     14       6       2  -3.43732762E+00  ../xsf/train4_newdimer_15.xsf
      1   O       2
      2   H       2
      3   H       2
      4   O       2
      5   H       2
      6   H       2
 
 ----------------------------------------------------------------------
                           Training set info.                          
 ----------------------------------------------------------------------
 
 Training set file                   : H2O.train
 Number of structures in the data set: 14
 
 Atomic species in training set      : 2
   Species : H O
 
 Average energy (eV/atom) : -3.456337
 Minimum energy (eV/atom) : -3.473066
 Maximum energy (eV/atom) : -3.437328
 
 The input and output values have not yet been normalized.
 
                                                                       
                          2021-02-10  14:55:33                         
                                                                       
 ======================================================================
                     Training set generation done.                     
 ======================================================================
