 ======================================================================
                       Training process started.                       
 ======================================================================
                                                                       
                          2021-02-14  22:39:37                         
                                                                       

 Copyright (C) 2015-2018 Nongnuch Artrith and Alexander Urban

 This program is distributed in the hope that it will be useful, but
 WITHOUT ANY WARRANTY; without even the implied warranty of
 MERCHANTABILITY or FITNESS FOR A PARTICULAR PURPOSE.  See the
 Mozilla Public License, v. 2.0, for more details.

 ----------------------------------------------------------------------
                       Training set normalization                      
 ----------------------------------------------------------------------

 The training set will be normalized now.  Depending on its size this
 process can take a while.  The normalized data set will be written to
 another file. Load that file in future to avoid this step.

 Name of the new training set file: Ar2.train.scaled

 The network output energy will be normalized to the interval [-1,1].
   Energy scaling factor: f = 35.749281
   Atomic energy shift  : s = 0.022197

 Training set normalization done.

 ----------------------------------------------------------------------
                                Networks                               
 ----------------------------------------------------------------------

 Restarting the Ar network from file : Ar.5t-5t.ann

 Number of layers :   4

 Number of nodes (without bias) 
 and activation type per layer :

       1 :    12
       2 :     5  hyperbolic tangent (tanh)
       3 :     5  hyperbolic tangent (tanh)
       4 :     1  linear function (linear)

 Required memory (words) :       5619 (     43.90 KB)

 Total number of weights (incl. bias) :      101

 Timing info will be written to: train.time

 ----------------------------------------------------------------------
                            Storing networks                           
 ----------------------------------------------------------------------

 Saving the Ar network to file : Ar.5t-5t.ann

 ----------------------------------------------------------------------
                           Training set info.                          
 ----------------------------------------------------------------------

 Training set file                   : Ar2.train.scaled
 Number of structures in the data set: 52

 Atomic species in training set      : 1
   Species : Ar

 Average energy (eV/atom) : -0.757381
 Minimum energy (eV/atom) : -1.000000
 Maximum energy (eV/atom) : 1.000000

 The input and output values have been normalized to [-1.0, 1.0].
 Structures outside of this interval will not be used for training.
   Energy scaling factor: 35.749281
   Atomic energy shift  : 0.022197

 ----------------------------------------------------------------------
                            Training details                           
 ----------------------------------------------------------------------

 Training method         : Limited Memory BFGS

 Number of iterations    : 2000

 Training structures     : 42
 Testing  structures     : 10

 Testing set : 

       5        8        9       10       23       27       30       35 
      37       39 

 ----------------------------------------------------------------------
                            Training process                           
 ----------------------------------------------------------------------

 Weight optimization for 2000 epochs using the Limited Memory BFGS method.

 Sampling type               : sequential

        |------------TRAIN-----------|  |------------TEST------------|
 epoch             MAE          <RMSE>             MAE          <RMSE>
     0    1.090234E-04    2.093255E-04    9.733638E-06    1.166388E-05 <
     1    1.090234E-04    2.093255E-04    9.733638E-06    1.166388E-05 <
     2    4.448356E-02    5.013595E-02    3.470330E-02    3.761307E-02 <
     3    1.161190E-04    2.033156E-04    2.409294E-05    3.084582E-05 <
     4    1.167318E-04    2.013339E-04    3.262113E-05    4.074918E-05 <
     5    1.141943E-04    2.004911E-04    2.939957E-05    4.049568E-05 <
     6    1.115297E-04    2.000066E-04    2.888868E-05    3.665943E-05 <
     7    1.099900E-04    1.996837E-04    2.441301E-05    3.168364E-05 <
     8    1.075309E-04    1.993683E-04    1.937044E-05    2.703324E-05 <
     9    1.056764E-04    1.990143E-04    1.774664E-05    2.452292E-05 <
    10    1.047172E-04    1.989431E-04    1.836726E-05    2.398931E-05 <
    11    1.037932E-04    1.988912E-04    1.741693E-05    2.262754E-05 <
    12    1.035085E-04    1.988649E-04    1.644233E-05    2.126899E-05 <
    13    1.030111E-04    1.988213E-04    1.495623E-05    1.924252E-05 <
    14    1.025440E-04    1.987916E-04    1.423105E-05    1.764567E-05 <
    15    1.027014E-04    1.987867E-04    1.371619E-05    1.725968E-05 <
    16    1.027749E-04    1.987825E-04    1.319749E-05    1.691647E-05 <
    17    1.028028E-04    1.987748E-04    1.218913E-05    1.622832E-05 <
    18    1.026994E-04    1.987680E-04    1.183133E-05    1.559882E-05 <
    19    1.025777E-04    1.987637E-04    1.162710E-05    1.530126E-05 <
    20    1.026097E-04    1.987630E-04    1.168730E-05    1.532302E-05 <
    21    1.026107E-04    1.987629E-04    1.174687E-05    1.537789E-05 <
    22    1.026127E-04    1.987625E-04    1.193861E-05    1.557084E-05 <
    23    1.026198E-04    1.987618E-04    1.217760E-05    1.583453E-05 <
    24    1.026581E-04    1.987603E-04    1.258367E-05    1.632909E-05 <
    25    1.027003E-04    1.987589E-04    1.303091E-05    1.688768E-05 <
    26    1.027613E-04    1.987581E-04    1.298885E-05    1.700053E-05 <
    27    1.027491E-04    1.987579E-04    1.290301E-05    1.688101E-05 <
    28    1.027424E-04    1.987579E-04    1.284839E-05    1.678025E-05 <
    29    1.027464E-04    1.987578E-04    1.287618E-05    1.684061E-05 <
    30    1.027439E-04    1.987578E-04    1.281156E-05    1.677336E-05 <
    31    1.027433E-04    1.987578E-04    1.280062E-05    1.676196E-05 <
    32    1.027409E-04    1.987578E-04    1.275687E-05    1.671644E-05 <
    33    1.027347E-04    1.987577E-04    1.269137E-05    1.663945E-05 <
    34    1.027036E-04    1.987572E-04    1.249162E-05    1.638772E-05 <
    35    1.026619E-04    1.987564E-04    1.237198E-05    1.613054E-05 <
    36    1.025361E-04    1.987564E-04    1.186068E-05    1.535597E-05 <
    37    1.025612E-04    1.987553E-04    1.211359E-05    1.570348E-05 <
    38    1.025425E-04    1.987532E-04    1.236643E-05    1.576938E-05 <
    39    1.025105E-04    1.987478E-04    1.382617E-05    1.685508E-05 <
    40    1.024926E-04    1.987474E-04    1.414565E-05    1.720902E-05 <
    41    1.024848E-04    1.987473E-04    1.420836E-05    1.729050E-05 <
    42    1.024844E-04    1.987473E-04    1.421070E-05    1.729325E-05 <
    43    1.024804E-04    1.987473E-04    1.421913E-05    1.730128E-05 <
    44    1.024712E-04    1.987472E-04    1.421809E-05    1.727076E-05 <
    45    1.024674E-04    1.987470E-04    1.419604E-05    1.722507E-05 <
    46    1.024599E-04    1.987467E-04    1.412538E-05    1.707853E-05 <
    47    1.024789E-04    1.987469E-04    1.378999E-05    1.660386E-05 <
    48    1.024434E-04    1.987463E-04    1.397708E-05    1.685916E-05 <
    49    1.024850E-04    1.987456E-04    1.375008E-05    1.635020E-05 <
    50    1.025064E-04    1.987454E-04    1.370941E-05    1.625002E-05 <
    51    1.025178E-04    1.987454E-04    1.371338E-05    1.623703E-05 <
    52    1.025183E-04    1.987454E-04    1.370290E-05    1.621119E-05 <
    53    1.025190E-04    1.987454E-04    1.371142E-05    1.622810E-05 <
    54    1.025135E-04    1.987454E-04    1.372811E-05    1.625360E-05 <
    55    1.025169E-04    1.987454E-04    1.371773E-05    1.623772E-05 <
    56    1.025167E-04    1.987454E-04    1.372001E-05    1.623982E-05 <
    57    1.025164E-04    1.987454E-04    1.372184E-05    1.623988E-05 <
    58    1.025163E-04    1.987454E-04    1.372194E-05    1.623941E-05 <
    59    1.025158E-04    1.987454E-04    1.372208E-05    1.623619E-05 <
    60    1.025151E-04    1.987454E-04    1.372218E-05    1.623224E-05 <
    61    1.025137E-04    1.987453E-04    1.372079E-05    1.622349E-05 <
    62    1.025110E-04    1.987453E-04    1.372188E-05    1.621224E-05 <
    63    1.025043E-04    1.987452E-04    1.370154E-05    1.617160E-05 <
    64    1.024887E-04    1.987451E-04    1.371970E-05    1.614695E-05 <
    65    1.024593E-04    1.987447E-04    1.362457E-05    1.599895E-05 <
    66    1.023892E-04    1.987436E-04    1.348658E-05    1.571572E-05 <
    67    1.023909E-04    1.987440E-04    1.244453E-05    1.457696E-05 <
    68    1.023526E-04    1.987428E-04    1.301870E-05    1.516531E-05 <
    69    1.022952E-04    1.987418E-04    1.286249E-05    1.496309E-05 <
    70    1.023244E-04    1.987423E-04    1.288114E-05    1.506726E-05 <
    71    1.022609E-04    1.987413E-04    1.287146E-05    1.498458E-05 <
    72    1.022565E-04    1.987407E-04    1.287639E-05    1.500628E-05 <
    73    1.022543E-04    1.987405E-04    1.291030E-05    1.504485E-05 <
    74    1.022283E-04    1.987403E-04    1.310253E-05    1.523897E-05 <
    75    1.022183E-04    1.987401E-04    1.310978E-05    1.527787E-05 <
    76    1.022028E-04    1.987401E-04    1.312082E-05    1.526874E-05 <
    77    1.021984E-04    1.987400E-04    1.308455E-05    1.519123E-05 <
    78    1.021993E-04    1.987400E-04    1.305167E-05    1.513324E-05 <
    79    1.021922E-04    1.987400E-04    1.304246E-05    1.509092E-05 <
    80    1.021963E-04    1.987400E-04    1.301238E-05    1.506359E-05 <
    81    1.021954E-04    1.987400E-04    1.301958E-05    1.507628E-05 <
    82    1.021972E-04    1.987399E-04    1.304157E-05    1.511657E-05 <
    83    1.021960E-04    1.987399E-04    1.306483E-05    1.514945E-05 <
    84    1.021952E-04    1.987399E-04    1.314127E-05    1.527167E-05 <
    85    1.021960E-04    1.987399E-04    1.317404E-05    1.529846E-05 <
    86    1.021996E-04    1.987398E-04    1.320291E-05    1.532620E-05 <
    87    1.022018E-04    1.987398E-04    1.321343E-05    1.533730E-05 <
    88    1.021974E-04    1.987398E-04    1.321798E-05    1.534192E-05 <
    89    1.021872E-04    1.987398E-04    1.323767E-05    1.537637E-05 <
    90    1.021781E-04    1.987398E-04    1.326876E-05    1.541484E-05 <
    91    1.021582E-04    1.987398E-04    1.331150E-05    1.555233E-05 <
    92    1.021702E-04    1.987398E-04    1.328589E-05    1.546920E-05 <
    93    1.021641E-04    1.987398E-04    1.329723E-05    1.547513E-05 <
    94    1.021521E-04    1.987397E-04    1.329238E-05    1.544927E-05 <
    95    1.021470E-04    1.987396E-04    1.327776E-05    1.540448E-05 <
    96    1.021494E-04    1.987391E-04    1.322693E-05    1.528128E-05 <
    97    1.021880E-04    1.987378E-04    1.310629E-05    1.502854E-05 <
    98    1.023286E-04    1.987394E-04    1.257457E-05    1.437763E-05 <
    99    1.021964E-04    1.987368E-04    1.295178E-05    1.480792E-05 <
   100    1.031156E-04    1.987815E-04    1.230049E-05    1.371891E-05 <
   101    1.022083E-04    1.987361E-04    1.293246E-05    1.466901E-05 <
   102    1.021485E-04    1.987351E-04    1.282399E-05    1.456177E-05 <
   103    1.020441E-04    1.987335E-04    1.303729E-05    1.482729E-05 <
   104    1.022284E-04    1.987347E-04    1.267312E-05    1.447302E-05 <
   105    1.020897E-04    1.987325E-04    1.290922E-05    1.469017E-05 <
   106    1.020410E-04    1.987316E-04    1.332930E-05    1.506338E-05 <
   107    1.020526E-04    1.987313E-04    1.366582E-05    1.539081E-05 <
   108    1.020667E-04    1.987312E-04    1.368261E-05    1.535130E-05 <
   109    1.020564E-04    1.987312E-04    1.363677E-05    1.531149E-05 <
   110    1.020517E-04    1.987311E-04    1.362739E-05    1.529319E-05 <
   111    1.020475E-04    1.987311E-04    1.362828E-05    1.527717E-05 <
   112    1.020538E-04    1.987311E-04    1.360959E-05    1.521961E-05 <
   113    1.020505E-04    1.987311E-04    1.362096E-05    1.525006E-05 <
   114    1.020591E-04    1.987310E-04    1.363599E-05    1.526014E-05 <
   115    1.020701E-04    1.987310E-04    1.366440E-05    1.529424E-05 <
   116    1.020735E-04    1.987310E-04    1.367982E-05    1.531582E-05 <
   117    1.020738E-04    1.987310E-04    1.368025E-05    1.531964E-05 <
   118    1.020738E-04    1.987310E-04    1.367591E-05    1.531759E-05 <
   119    1.020739E-04    1.987310E-04    1.366974E-05    1.531164E-05 <
   120    1.020740E-04    1.987310E-04    1.366481E-05    1.530575E-05 <
   121    1.020744E-04    1.987310E-04    1.365771E-05    1.529631E-05 <
   122    1.020752E-04    1.987310E-04    1.365107E-05    1.528640E-05 <
   123    1.020767E-04    1.987310E-04    1.364359E-05    1.527600E-05 <
   124    1.020793E-04    1.987310E-04    1.363577E-05    1.525980E-05 <
   125    1.020881E-04    1.987310E-04    1.361583E-05    1.524339E-05 <
   126    1.020902E-04    1.987309E-04    1.363580E-05    1.525118E-05 <
   127    1.020950E-04    1.987309E-04    1.369938E-05    1.530493E-05 <
   128    1.020958E-04    1.987308E-04    1.376686E-05    1.537482E-05 <
   129    1.020947E-04    1.987307E-04    1.391624E-05    1.554331E-05 <
   130    1.021572E-04    1.987310E-04    1.405961E-05    1.578176E-05 <
   131    1.021138E-04    1.987307E-04    1.395751E-05    1.560741E-05 <
   132    1.021142E-04    1.987304E-04    1.414820E-05    1.584317E-05 <
   133    1.021493E-04    1.987301E-04    1.434588E-05    1.610983E-05 <
   134    1.021648E-04    1.987298E-04    1.442235E-05    1.621256E-05 <
   135    1.021612E-04    1.987307E-04    1.465653E-05    1.643795E-05 <
   136    1.021622E-04    1.987296E-04    1.449794E-05    1.628778E-05 <
   137    1.021381E-04    1.987292E-04    1.438893E-05    1.615047E-05 <
   138    1.020822E-04    1.987288E-04    1.454602E-05    1.634260E-05 <
   139    1.020528E-04    1.987282E-04    1.478059E-05    1.669134E-05 <
   140    1.020093E-04    1.987276E-04    1.516880E-05    1.733378E-05 <
   141    1.019829E-04    1.987273E-04    1.542678E-05    1.765043E-05 <
   142    1.020349E-04    1.987274E-04    1.548476E-05    1.779879E-05 <
   143    1.019980E-04    1.987272E-04    1.544893E-05    1.770502E-05 <
   144    1.020122E-04    1.987271E-04    1.560967E-05    1.798917E-05 <
   145    1.020023E-04    1.987270E-04    1.553554E-05    1.782028E-05 <
   146    1.020043E-04    1.987270E-04    1.550509E-05    1.777160E-05 <
   147    1.020165E-04    1.987269E-04    1.543295E-05    1.763198E-05 <
   148    1.020266E-04    1.987269E-04    1.537706E-05    1.757719E-05 <
   149    1.020257E-04    1.987268E-04    1.542205E-05    1.761422E-05 <
   150    1.020305E-04    1.987269E-04    1.545116E-05    1.763990E-05 <
   151    1.020275E-04    1.987268E-04    1.543480E-05    1.762611E-05 <
   152    1.020197E-04    1.987268E-04    1.552927E-05    1.772379E-05 <
   153    1.020146E-04    1.987267E-04    1.564944E-05    1.786790E-05 <
   154    1.020144E-04    1.987267E-04    1.573190E-05    1.797870E-05 <
   155    1.020245E-04    1.987267E-04    1.589409E-05    1.824013E-05 <
   156    1.020375E-04    1.987267E-04    1.585659E-05    1.821446E-05 <
   157    1.020305E-04    1.987266E-04    1.587682E-05    1.822780E-05 <
   158    1.020373E-04    1.987266E-04    1.585022E-05    1.818406E-05 <
   159    1.020372E-04    1.987266E-04    1.583654E-05    1.818072E-05 <
   160    1.020394E-04    1.987266E-04    1.580999E-05    1.815679E-05 <
   161    1.020399E-04    1.987266E-04    1.578077E-05    1.811425E-05 <
   162    1.020410E-04    1.987266E-04    1.577732E-05    1.811553E-05 <
   163    1.020400E-04    1.987266E-04    1.578260E-05    1.812232E-05 <
   164    1.020396E-04    1.987266E-04    1.578945E-05    1.813328E-05 <
   165    1.020393E-04    1.987266E-04    1.579516E-05    1.814195E-05 <
   166    1.020392E-04    1.987266E-04    1.579952E-05    1.814755E-05 <
   167    1.020392E-04    1.987266E-04    1.579952E-05    1.814755E-05 <
   168    1.020392E-04    1.987266E-04    1.579952E-05    1.814755E-05 <
   169    1.020392E-04    1.987266E-04    1.579952E-05    1.814755E-05 <
 The optimization has converged. Training stopped.


 Training finished.

 ----------------------------------------------------------------------
                            Storing networks                           
 ----------------------------------------------------------------------

 Saving the Ar network to file : Ar.5t-5t.ann

                                                                       
                          2021-02-14  22:39:37                         
                                                                       
 ======================================================================
                     Neural Network training done.                     
 ======================================================================
