 ======================================================================
                       Training process started.                       
 ======================================================================
                                                                       
                          2021-02-14  16:22:05                         
                                                                       

 Copyright (C) 2015-2018 Nongnuch Artrith and Alexander Urban

 This program is distributed in the hope that it will be useful, but
 WITHOUT ANY WARRANTY; without even the implied warranty of
 MERCHANTABILITY or FITNESS FOR A PARTICULAR PURPOSE.  See the
 Mozilla Public License, v. 2.0, for more details.

 ----------------------------------------------------------------------
                       Training set normalization                      
 ----------------------------------------------------------------------

 The training set will be normalized now.  Depending on its size this
 process can take a while.  The normalized data set will be written to
 another file. Load that file in future to avoid this step.

 Name of the new training set file: Ar2.train.scaled

 The network output energy will be normalized to the interval [-1,1].
   Energy scaling factor: f = 35.749281
   Atomic energy shift  : s = 0.022197

 Training set normalization done.

 ----------------------------------------------------------------------
                                Networks                               
 ----------------------------------------------------------------------

 Restarting the Ar network from file : Ar.5t-5t.ann

 Number of layers :   4

 Number of nodes (without bias) 
 and activation type per layer :

       1 :    12
       2 :     5  hyperbolic tangent (tanh)
       3 :     5  hyperbolic tangent (tanh)
       4 :     1  linear function (linear)

 Required memory (words) :       5619 (     43.90 KB)

 Total number of weights (incl. bias) :      101

 Timing info will be written to: train.time

 ----------------------------------------------------------------------
                            Storing networks                           
 ----------------------------------------------------------------------

 Saving the Ar network to file : Ar.5t-5t.ann

 ----------------------------------------------------------------------
                           Training set info.                          
 ----------------------------------------------------------------------

 Training set file                   : Ar2.train.scaled
 Number of structures in the data set: 52

 Atomic species in training set      : 1
   Species : Ar

 Average energy (eV/atom) : -0.757381
 Minimum energy (eV/atom) : -1.000000
 Maximum energy (eV/atom) : 1.000000

 The input and output values have been normalized to [-1.0, 1.0].
 Structures outside of this interval will not be used for training.
   Energy scaling factor: 35.749281
   Atomic energy shift  : 0.022197

 ----------------------------------------------------------------------
                            Training details                           
 ----------------------------------------------------------------------

 Training method         : Limited Memory BFGS

 Number of iterations    : 1000

 Training structures     : 42
 Testing  structures     : 10

 Testing set (restarted from previous run): 

       9       13       14       19       20       21       28       30 
      31       34 

 Attempting restart of optimization algorithm from file: train.restart
 Restarting L-BFGS.

 ----------------------------------------------------------------------
                            Training process                           
 ----------------------------------------------------------------------

 Weight optimization for 1000 epochs using the Limited Memory BFGS method.

 Sampling type               : sequential

        |------------TRAIN-----------|  |------------TEST------------|
 epoch             MAE          <RMSE>             MAE          <RMSE>
     0    1.017892E-04    1.987015E-04    1.298042E-05    1.527006E-05 <
     1    1.017901E-04    1.987015E-04    1.298078E-05    1.527000E-05 <
     2    1.017901E-04    1.987015E-04    1.298078E-05    1.527000E-05 <
     3    1.017901E-04    1.987015E-04    1.298079E-05    1.527000E-05 <
     4    1.017901E-04    1.987015E-04    1.298079E-05    1.527000E-05 <
     5    1.017901E-04    1.987015E-04    1.298079E-05    1.527000E-05 <
     6    1.017901E-04    1.987015E-04    1.298079E-05    1.527000E-05 <
     7    1.017901E-04    1.987015E-04    1.298079E-05    1.527000E-05 <
     8    1.017901E-04    1.987015E-04    1.298079E-05    1.527000E-05 <
     9    1.017901E-04    1.987015E-04    1.298079E-05    1.527000E-05 <
    10    1.017901E-04    1.987015E-04    1.298079E-05    1.527000E-05 <
    11    1.017901E-04    1.987015E-04    1.298079E-05    1.527000E-05 <
    12    1.017901E-04    1.987015E-04    1.298079E-05    1.527000E-05 <
    13    1.017901E-04    1.987015E-04    1.298079E-05    1.527000E-05 <
    14    1.017901E-04    1.987015E-04    1.298079E-05    1.527000E-05 <
    15    1.017901E-04    1.987015E-04    1.298079E-05    1.527000E-05 <
    16    1.017901E-04    1.987015E-04    1.298079E-05    1.527000E-05 <
    17    1.017901E-04    1.987015E-04    1.298079E-05    1.527000E-05 <
    18    1.017901E-04    1.987015E-04    1.298079E-05    1.527000E-05 <
    19    1.018375E-04    1.987028E-04    1.320574E-05    1.541204E-05 <
    20    1.017901E-04    1.987015E-04    1.298175E-05    1.527075E-05 <
    21    1.018053E-04    1.987009E-04    1.305899E-05    1.531608E-05 <
    22    1.018232E-04    1.987015E-04    1.314184E-05    1.536823E-05 <
    23    1.018055E-04    1.987009E-04    1.305992E-05    1.531664E-05 <
    24    1.018056E-04    1.987009E-04    1.306152E-05    1.531760E-05 <
    25    1.018060E-04    1.987009E-04    1.306789E-05    1.532143E-05 <
    26    1.018077E-04    1.987007E-04    1.309336E-05    1.533695E-05 <
    27    1.018144E-04    1.987000E-04    1.319527E-05    1.540175E-05 <
    28    1.018765E-04    1.986988E-04    1.340306E-05    1.551013E-05 <
    29    1.018710E-04    1.986983E-04    1.353796E-05    1.553626E-05 <
    30    1.018618E-04    1.986978E-04    1.347468E-05    1.546932E-05 <
    31    1.018707E-04    1.986973E-04    1.338842E-05    1.534759E-05 <
    32    1.018675E-04    1.986971E-04    1.339585E-05    1.531849E-05 <
    33    1.018525E-04    1.986964E-04    1.353511E-05    1.533400E-05 <
    34    1.018029E-04    1.986954E-04    1.374316E-05    1.537641E-05 <
    35    1.017765E-04    1.986945E-04    1.395725E-05    1.541989E-05 <
    36    1.017715E-04    1.986941E-04    1.397588E-05    1.536081E-05 <
    37    1.017732E-04    1.986939E-04    1.390793E-05    1.528292E-05 <
    38    1.017626E-04    1.986938E-04    1.383641E-05    1.520237E-05 <
    39    1.017384E-04    1.986936E-04    1.380403E-05    1.515509E-05 <
    40    1.017159E-04    1.986935E-04    1.383022E-05    1.516316E-05 <
    41    1.017151E-04    1.986934E-04    1.387949E-05    1.520490E-05 <
    42    1.017130E-04    1.986934E-04    1.394561E-05    1.526894E-05 <
    43    1.017110E-04    1.986934E-04    1.395193E-05    1.527706E-05 <
    44    1.017103E-04    1.986934E-04    1.395514E-05    1.528085E-05 <
    45    1.017127E-04    1.986934E-04    1.396804E-05    1.529743E-05 <
    46    1.017184E-04    1.986933E-04    1.398879E-05    1.532506E-05 <
    47    1.017248E-04    1.986933E-04    1.402941E-05    1.538214E-05 <
    48    1.017218E-04    1.986946E-04    1.398052E-05    1.538759E-05 <
    49    1.017231E-04    1.986932E-04    1.402570E-05    1.538186E-05 <
    50    1.017247E-04    1.986931E-04    1.408370E-05    1.546701E-05 <
    51    1.017143E-04    1.986930E-04    1.413003E-05    1.554592E-05 <
    52    1.017208E-04    1.986931E-04    1.416769E-05    1.559530E-05 <
    53    1.017153E-04    1.986930E-04    1.413990E-05    1.555830E-05 <
    54    1.017041E-04    1.986929E-04    1.413437E-05    1.556179E-05 <
    55    1.016974E-04    1.986929E-04    1.411495E-05    1.553664E-05 <
    56    1.016955E-04    1.986929E-04    1.411316E-05    1.553220E-05 <
    57    1.016918E-04    1.986929E-04    1.410442E-05    1.551789E-05 <
    58    1.016843E-04    1.986929E-04    1.408593E-05    1.548901E-05 <
    59    1.016849E-04    1.986928E-04    1.407128E-05    1.545390E-05 <
    60    1.016812E-04    1.986926E-04    1.404794E-05    1.539540E-05 <
    61    1.016587E-04    1.986923E-04    1.414235E-05    1.543306E-05 <
    62    1.016118E-04    1.986919E-04    1.414903E-05    1.538742E-05 <
    63    1.015740E-04    1.986917E-04    1.424861E-05    1.550811E-05 <
    64    1.015650E-04    1.986917E-04    1.431530E-05    1.558687E-05 <
    65    1.015658E-04    1.986917E-04    1.429379E-05    1.557243E-05 <
    66    1.015659E-04    1.986917E-04    1.429830E-05    1.557488E-05 <
    67    1.015661E-04    1.986917E-04    1.429901E-05    1.557542E-05 <
    68    1.015665E-04    1.986917E-04    1.430085E-05    1.557747E-05 <
    69    1.015667E-04    1.986917E-04    1.430095E-05    1.557828E-05 <
    70    1.015672E-04    1.986917E-04    1.429873E-05    1.557818E-05 <
    71    1.015683E-04    1.986916E-04    1.429002E-05    1.557484E-05 <
    72    1.015714E-04    1.986916E-04    1.428145E-05    1.556479E-05 <
    73    1.015698E-04    1.986916E-04    1.428579E-05    1.556985E-05 <
    74    1.015714E-04    1.986916E-04    1.426682E-05    1.555847E-05 <
    75    1.015761E-04    1.986916E-04    1.421804E-05    1.552214E-05 <
    76    1.015811E-04    1.986915E-04    1.415707E-05    1.546831E-05 <
    77    1.015835E-04    1.986914E-04    1.409382E-05    1.540519E-05 <
    78    1.015846E-04    1.986913E-04    1.409219E-05    1.538441E-05 <
    79    1.015759E-04    1.986910E-04    1.413508E-05    1.538706E-05 <
    80    1.015732E-04    1.986908E-04    1.421534E-05    1.543648E-05 <
    81    1.015970E-04    1.986907E-04    1.426120E-05    1.550612E-05 <
    82    1.015802E-04    1.986907E-04    1.434589E-05    1.559205E-05 <
    83    1.015853E-04    1.986907E-04    1.433693E-05    1.558712E-05 <
    84    1.015882E-04    1.986907E-04    1.432968E-05    1.558516E-05 <
    85    1.015886E-04    1.986907E-04    1.432061E-05    1.558135E-05 <
    86    1.015874E-04    1.986907E-04    1.431976E-05    1.558519E-05 <
    87    1.015859E-04    1.986907E-04    1.431449E-05    1.558041E-05 <
    88    1.015802E-04    1.986906E-04    1.431433E-05    1.557929E-05 <
    89    1.015694E-04    1.986906E-04    1.429371E-05    1.556292E-05 <
    90    1.015609E-04    1.986905E-04    1.429702E-05    1.554628E-05 <
    91    1.015417E-04    1.986904E-04    1.429058E-05    1.548693E-05 <
    92    1.015367E-04    1.986903E-04    1.426160E-05    1.542815E-05 <
    93    1.015468E-04    1.986903E-04    1.424849E-05    1.539042E-05 <
    94    1.015460E-04    1.986903E-04    1.425183E-05    1.540461E-05 <
    95    1.015455E-04    1.986903E-04    1.425290E-05    1.540868E-05 <
    96    1.015460E-04    1.986903E-04    1.425371E-05    1.540939E-05 <
    97    1.015464E-04    1.986903E-04    1.425440E-05    1.541022E-05 <
    98    1.015471E-04    1.986903E-04    1.425494E-05    1.541112E-05 <
    99    1.015481E-04    1.986903E-04    1.425492E-05    1.541281E-05 <
   100    1.015486E-04    1.986903E-04    1.425457E-05    1.541347E-05 <
   101    1.015501E-04    1.986903E-04    1.425013E-05    1.541832E-05 <
   102    1.015484E-04    1.986902E-04    1.424592E-05    1.542682E-05 <
   103    1.015375E-04    1.986901E-04    1.425007E-05    1.544720E-05 <
   104    1.015149E-04    1.986900E-04    1.428272E-05    1.550389E-05 <
   105    1.014966E-04    1.986900E-04    1.430861E-05    1.547127E-05 <
   106    1.015053E-04    1.986899E-04    1.429593E-05    1.548638E-05 <
   107    1.014701E-04    1.986897E-04    1.433804E-05    1.555308E-05 <
   108    1.014420E-04    1.986895E-04    1.437178E-05    1.559683E-05 <
   109    1.014200E-04    1.986892E-04    1.443118E-05    1.565415E-05 <
   110    1.014165E-04    1.986889E-04    1.452059E-05    1.573913E-05 <
   111    1.014237E-04    1.986882E-04    1.467140E-05    1.589460E-05 <
   112    1.014616E-04    1.986877E-04    1.476712E-05    1.600226E-05 <
   113    1.015863E-04    1.986934E-04    1.546094E-05    1.664901E-05 <
   114    1.014394E-04    1.986875E-04    1.488906E-05    1.611946E-05 <
   115    1.014525E-04    1.986872E-04    1.488751E-05    1.613490E-05 <
   116    1.014756E-04    1.986871E-04    1.487311E-05    1.612972E-05 <
   117    1.014802E-04    1.986870E-04    1.485871E-05    1.611857E-05 <
   118    1.014780E-04    1.986870E-04    1.474547E-05    1.595262E-05 <
   119    1.014936E-04    1.986869E-04    1.477999E-05    1.599777E-05 <
   120    1.014952E-04    1.986868E-04    1.478336E-05    1.599801E-05 <
   121    1.015015E-04    1.986868E-04    1.475310E-05    1.596725E-05 <
   122    1.015461E-04    1.986869E-04    1.475451E-05    1.595548E-05 <
   123    1.015127E-04    1.986868E-04    1.475348E-05    1.596422E-05 <
   124    1.015150E-04    1.986867E-04    1.472984E-05    1.594710E-05 <
   125    1.015176E-04    1.986867E-04    1.474112E-05    1.596556E-05 <
   126    1.015266E-04    1.986867E-04    1.475911E-05    1.599556E-05 <
   127    1.015145E-04    1.986867E-04    1.485029E-05    1.607008E-05 <
   128    1.015244E-04    1.986867E-04    1.477602E-05    1.600926E-05 <
   129    1.015267E-04    1.986867E-04    1.478031E-05    1.601336E-05 <
   130    1.015287E-04    1.986867E-04    1.478446E-05    1.601548E-05 <
   131    1.015315E-04    1.986867E-04    1.478880E-05    1.601390E-05 <
   132    1.015336E-04    1.986867E-04    1.479035E-05    1.600774E-05 <
   133    1.015328E-04    1.986867E-04    1.478967E-05    1.600543E-05 <
   134    1.015360E-04    1.986867E-04    1.476426E-05    1.595834E-05 <
   135    1.015337E-04    1.986867E-04    1.478280E-05    1.599260E-05 <
   136    1.015318E-04    1.986867E-04    1.477872E-05    1.599031E-05 <
   137    1.015309E-04    1.986867E-04    1.477576E-05    1.598840E-05 <
   138    1.015305E-04    1.986867E-04    1.477301E-05    1.598633E-05 <
   139    1.015304E-04    1.986867E-04    1.476816E-05    1.598227E-05 <
   140    1.015303E-04    1.986867E-04    1.475790E-05    1.597247E-05 <
   141    1.015304E-04    1.986867E-04    1.475581E-05    1.597124E-05 <
   142    1.015311E-04    1.986867E-04    1.475662E-05    1.597082E-05 <
   143    1.015328E-04    1.986867E-04    1.475799E-05    1.596818E-05 <
   144    1.015335E-04    1.986867E-04    1.475612E-05    1.596616E-05 <
   145    1.015336E-04    1.986867E-04    1.475722E-05    1.596638E-05 <
   146    1.015328E-04    1.986867E-04    1.476755E-05    1.597251E-05 <
   147    1.015338E-04    1.986867E-04    1.477829E-05    1.597583E-05 <
   148    1.015318E-04    1.986866E-04    1.479139E-05    1.599464E-05 <
   149    1.015229E-04    1.986865E-04    1.482558E-05    1.605586E-05 <
   150    1.014989E-04    1.986864E-04    1.490138E-05    1.616730E-05 <
   151    1.014758E-04    1.986863E-04    1.496919E-05    1.624254E-05 <
   152    1.014545E-04    1.986862E-04    1.498221E-05    1.626555E-05 <
   153    1.014121E-04    1.986859E-04    1.500220E-05    1.628190E-05 <
   154    1.013688E-04    1.986858E-04    1.512433E-05    1.637256E-05 <
   155    1.013794E-04    1.986857E-04    1.512205E-05    1.636027E-05 <
   156    1.013751E-04    1.986857E-04    1.514399E-05    1.637438E-05 <
   157    1.013715E-04    1.986856E-04    1.516918E-05    1.639507E-05 <
   158    1.013704E-04    1.986856E-04    1.521232E-05    1.643946E-05 <
   159    1.013772E-04    1.986855E-04    1.526380E-05    1.649534E-05 <
   160    1.013909E-04    1.986854E-04    1.529861E-05    1.653050E-05 <
   161    1.014050E-04    1.986854E-04    1.530841E-05    1.654011E-05 <
   162    1.014166E-04    1.986853E-04    1.529641E-05    1.651357E-05 <
   163    1.014226E-04    1.986853E-04    1.524905E-05    1.646976E-05 <
   164    1.014184E-04    1.986853E-04    1.524848E-05    1.646693E-05 <
   165    1.014140E-04    1.986853E-04    1.525270E-05    1.647078E-05 <
   166    1.014101E-04    1.986853E-04    1.523610E-05    1.644671E-05 <
   167    1.014034E-04    1.986853E-04    1.525855E-05    1.646928E-05 <
   168    1.014055E-04    1.986853E-04    1.525829E-05    1.646676E-05 <
   169    1.014152E-04    1.986853E-04    1.526121E-05    1.645596E-05 <
   170    1.014126E-04    1.986853E-04    1.525551E-05    1.645916E-05 <
   171    1.014105E-04    1.986853E-04    1.525427E-05    1.646299E-05 <
   172    1.014078E-04    1.986853E-04    1.525304E-05    1.646800E-05 <
   173    1.014078E-04    1.986853E-04    1.525317E-05    1.646859E-05 <
   174    1.014084E-04    1.986853E-04    1.525316E-05    1.646903E-05 <
   175    1.014095E-04    1.986853E-04    1.525515E-05    1.647122E-05 <
   176    1.014117E-04    1.986853E-04    1.525428E-05    1.647435E-05 <
   177    1.014106E-04    1.986853E-04    1.525472E-05    1.647276E-05 <
   178    1.014126E-04    1.986853E-04    1.525687E-05    1.647594E-05 <
   179    1.014136E-04    1.986853E-04    1.526119E-05    1.648146E-05 <
   180    1.014138E-04    1.986853E-04    1.526338E-05    1.648469E-05 <
   181    1.014134E-04    1.986853E-04    1.526677E-05    1.648871E-05 <
   182    1.014112E-04    1.986853E-04    1.526776E-05    1.649245E-05 <
   183    1.014124E-04    1.986853E-04    1.526721E-05    1.649035E-05 <
   184    1.014115E-04    1.986853E-04    1.527242E-05    1.649522E-05 <
   185    1.014106E-04    1.986853E-04    1.527678E-05    1.649891E-05 <
   186    1.014099E-04    1.986853E-04    1.527906E-05    1.650063E-05 <
   187    1.014098E-04    1.986853E-04    1.528014E-05    1.650100E-05 <
   188    1.014093E-04    1.986853E-04    1.527948E-05    1.650000E-05 <
   189    1.014097E-04    1.986853E-04    1.527926E-05    1.649927E-05 <
   190    1.014099E-04    1.986853E-04    1.527855E-05    1.649823E-05 <
   191    1.014100E-04    1.986853E-04    1.527687E-05    1.649603E-05 <
   192    1.014102E-04    1.986853E-04    1.527517E-05    1.649394E-05 <
   193    1.014116E-04    1.986853E-04    1.527266E-05    1.649071E-05 <
   194    1.014111E-04    1.986853E-04    1.526504E-05    1.648332E-05 <
   195    1.014123E-04    1.986853E-04    1.526789E-05    1.648520E-05 <
   196    1.014128E-04    1.986853E-04    1.526956E-05    1.648656E-05 <
   197    1.014134E-04    1.986853E-04    1.527035E-05    1.648710E-05 <
   198    1.014141E-04    1.986853E-04    1.526970E-05    1.648601E-05 <
   199    1.014141E-04    1.986853E-04    1.526860E-05    1.648271E-05 <
   200    1.014144E-04    1.986853E-04    1.525829E-05    1.647032E-05 <
   201    1.014137E-04    1.986853E-04    1.526223E-05    1.647136E-05 <
   202    1.014129E-04    1.986853E-04    1.525976E-05    1.646748E-05 <
   203    1.014111E-04    1.986853E-04    1.525603E-05    1.646209E-05 <
   204    1.014097E-04    1.986853E-04    1.525486E-05    1.646112E-05 <
   205    1.014089E-04    1.986852E-04    1.525459E-05    1.646162E-05 <
   206    1.014160E-04    1.986852E-04    1.521580E-05    1.645603E-05 <
   207    1.014139E-04    1.986852E-04    1.524503E-05    1.647545E-05 <
   208    1.014173E-04    1.986852E-04    1.527197E-05    1.650624E-05 <
   209    1.014251E-04    1.986852E-04    1.529257E-05    1.655059E-05 <
   210    1.014301E-04    1.986851E-04    1.529481E-05    1.656914E-05 <
   211    1.014356E-04    1.986851E-04    1.529753E-05    1.661207E-05 <
   212    1.014329E-04    1.986851E-04    1.529934E-05    1.661543E-05 <
   213    1.014301E-04    1.986851E-04    1.531077E-05    1.662727E-05 <
   214    1.014164E-04    1.986850E-04    1.534677E-05    1.666447E-05 <
   215    1.014039E-04    1.986850E-04    1.533917E-05    1.670329E-05 <
   216    1.014112E-04    1.986850E-04    1.534374E-05    1.668019E-05 <
   217    1.014034E-04    1.986849E-04    1.536539E-05    1.669926E-05 <
   218    1.013984E-04    1.986849E-04    1.537106E-05    1.670501E-05 <
   219    1.013943E-04    1.986849E-04    1.537442E-05    1.670831E-05 <
   220    1.013876E-04    1.986848E-04    1.538867E-05    1.671823E-05 <
   221    1.013691E-04    1.986848E-04    1.537849E-05    1.672403E-05 <
   222    1.013583E-04    1.986850E-04    1.557274E-05    1.684131E-05 <
   223    1.013634E-04    1.986847E-04    1.544440E-05    1.676398E-05 <
   224    1.013532E-04    1.986846E-04    1.546074E-05    1.678986E-05 <
   225    1.013332E-04    1.986844E-04    1.554129E-05    1.690407E-05 <
   226    1.013237E-04    1.986843E-04    1.558969E-05    1.698323E-05 <
   227    1.013054E-04    1.986841E-04    1.565207E-05    1.708728E-05 <
   228    1.013016E-04    1.986840E-04    1.571022E-05    1.724007E-05 <
   229    1.012862E-04    1.986838E-04    1.569966E-05    1.728946E-05 <
   230    1.012697E-04    1.986837E-04    1.569652E-05    1.733637E-05 <
   231    1.012671E-04    1.986835E-04    1.567473E-05    1.736651E-05 <
   232    1.012737E-04    1.986832E-04    1.557026E-05    1.729433E-05 <
   233    1.013427E-04    1.986831E-04    1.548914E-05    1.723090E-05 <
   234    1.013471E-04    1.986828E-04    1.539457E-05    1.713406E-05 <
   235    1.013126E-04    1.986830E-04    1.529084E-05    1.706248E-05 <
   236    1.013307E-04    1.986827E-04    1.535958E-05    1.711343E-05 <
   237    1.013459E-04    1.986827E-04    1.533701E-05    1.708614E-05 <
   238    1.013565E-04    1.986826E-04    1.530418E-05    1.705064E-05 <
   239    1.013606E-04    1.986826E-04    1.529201E-05    1.705204E-05 <
   240    1.013252E-04    1.986828E-04    1.519044E-05    1.696271E-05 <
   241    1.013553E-04    1.986826E-04    1.527856E-05    1.704050E-05 <
   242    1.013548E-04    1.986826E-04    1.527767E-05    1.705429E-05 <
   243    1.013784E-04    1.986826E-04    1.518711E-05    1.701739E-05 <
   244    1.013586E-04    1.986825E-04    1.523054E-05    1.706367E-05 <
   245    1.013535E-04    1.986825E-04    1.524424E-05    1.707853E-05 <
   246    1.013512E-04    1.986825E-04    1.525794E-05    1.709444E-05 <
   247    1.013473E-04    1.986825E-04    1.526663E-05    1.709299E-05 <
   248    1.013643E-04    1.986825E-04    1.528608E-05    1.710723E-05 <
   249    1.013488E-04    1.986824E-04    1.527933E-05    1.709034E-05 <
   250    1.013469E-04    1.986824E-04    1.526124E-05    1.706916E-05 <
   251    1.013448E-04    1.986823E-04    1.525216E-05    1.706527E-05 <
   252    1.013395E-04    1.986823E-04    1.522263E-05    1.704653E-05 <
   253    1.013358E-04    1.986823E-04    1.523261E-05    1.706769E-05 <
   254    1.013308E-04    1.986823E-04    1.523654E-05    1.707299E-05 <
   255    1.013312E-04    1.986823E-04    1.523496E-05    1.708050E-05 <
   256    1.013311E-04    1.986822E-04    1.523615E-05    1.710333E-05 <
   257    1.013475E-04    1.986822E-04    1.518565E-05    1.708223E-05 <
   258    1.013749E-04    1.986822E-04    1.514535E-05    1.706641E-05 <
   259    1.013470E-04    1.986821E-04    1.517385E-05    1.707824E-05 <
   260    1.013469E-04    1.986821E-04    1.516176E-05    1.706707E-05 <
   261    1.013490E-04    1.986821E-04    1.515251E-05    1.706023E-05 <
   262    1.013489E-04    1.986821E-04    1.515250E-05    1.706167E-05 <
   263    1.013491E-04    1.986821E-04    1.515348E-05    1.706213E-05 <
   264    1.013490E-04    1.986821E-04    1.515332E-05    1.706150E-05 <
   265    1.013493E-04    1.986821E-04    1.515472E-05    1.706203E-05 <
   266    1.013491E-04    1.986821E-04    1.515384E-05    1.706054E-05 <
   267    1.013489E-04    1.986821E-04    1.515197E-05    1.705657E-05 <
   268    1.013489E-04    1.986821E-04    1.515106E-05    1.705280E-05 <
   269    1.013488E-04    1.986821E-04    1.515095E-05    1.704932E-05 <
   270    1.013682E-04    1.986821E-04    1.509290E-05    1.699794E-05 <
   271    1.013497E-04    1.986821E-04    1.514822E-05    1.704688E-05 <
   272    1.013499E-04    1.986821E-04    1.514874E-05    1.704334E-05 <
   273    1.013483E-04    1.986821E-04    1.514604E-05    1.703567E-05 <
   274    1.013491E-04    1.986821E-04    1.514607E-05    1.703446E-05 <
   275    1.013496E-04    1.986821E-04    1.514252E-05    1.703039E-05 <
   276    1.013490E-04    1.986821E-04    1.513673E-05    1.702499E-05 <
   277    1.013485E-04    1.986821E-04    1.513559E-05    1.702305E-05 <
   278    1.013482E-04    1.986821E-04    1.513164E-05    1.701971E-05 <
   279    1.013482E-04    1.986821E-04    1.513040E-05    1.701831E-05 <
   280    1.013482E-04    1.986821E-04    1.513040E-05    1.701831E-05 <
   281    1.013482E-04    1.986821E-04    1.513040E-05    1.701831E-05 <
   282    1.013482E-04    1.986821E-04    1.513040E-05    1.701831E-05 <
 The optimization has converged. Training stopped.


 Training finished.

 ----------------------------------------------------------------------
                            Storing networks                           
 ----------------------------------------------------------------------

 Saving the Ar network to file : Ar.5t-5t.ann

                                                                       
                          2021-02-14  16:22:06                         
                                                                       
 ======================================================================
                     Neural Network training done.                     
 ======================================================================
